{"/home/artur/PycharmProjects/Scrapping/frontend/src/components/Header.js": {"path":"/home/artur/PycharmProjects/Scrapping/frontend/src/components/Header.js","statementMap":{"0":{"start":{"line":13,"column":24},"end":{"line":18,"column":1}},"1":{"start":{"line":14,"column":4},"end":{"line":17,"column":6}},"2":{"start":{"line":20,"column":27},"end":{"line":26,"column":1}},"3":{"start":{"line":21,"column":4},"end":{"line":25,"column":5}},"4":{"start":{"line":22,"column":34},"end":{"line":22,"column":56}},"5":{"start":{"line":23,"column":38},"end":{"line":23,"column":64}},"6":{"start":{"line":24,"column":38},"end":{"line":24,"column":64}},"7":{"start":{"line":28,"column":26},"end":{"line":32,"column":1}},"8":{"start":{"line":29,"column":4},"end":{"line":31,"column":6}},"9":{"start":{"line":34,"column":27},"end":{"line":38,"column":1}},"10":{"start":{"line":35,"column":4},"end":{"line":37,"column":6}},"11":{"start":{"line":40,"column":31},"end":{"line":46,"column":1}},"12":{"start":{"line":41,"column":4},"end":{"line":45,"column":6}},"13":{"start":{"line":55,"column":28},"end":{"line":90,"column":1}},"14":{"start":{"line":56,"column":4},"end":{"line":89,"column":6}},"15":{"start":{"line":61,"column":96},"end":{"line":61,"column":130}},"16":{"start":{"line":100,"column":33},"end":{"line":102,"column":5}},"17":{"start":{"line":101,"column":8},"end":{"line":101,"column":96}},"18":{"start":{"line":104,"column":19},"end":{"line":107,"column":5}},"19":{"start":{"line":105,"column":8},"end":{"line":105,"column":31}},"20":{"start":{"line":106,"column":8},"end":{"line":106,"column":32}},"21":{"start":{"line":110,"column":8},"end":{"line":122,"column":9}}},"fnMap":{"0":{"name":"(anonymous_0)","decl":{"start":{"line":13,"column":24},"end":{"line":13,"column":25}},"loc":{"start":{"line":13,"column":61},"end":{"line":18,"column":1}},"line":13},"1":{"name":"(anonymous_1)","decl":{"start":{"line":20,"column":27},"end":{"line":20,"column":28}},"loc":{"start":{"line":20,"column":57},"end":{"line":26,"column":1}},"line":20},"2":{"name":"(anonymous_2)","decl":{"start":{"line":22,"column":20},"end":{"line":22,"column":21}},"loc":{"start":{"line":22,"column":34},"end":{"line":22,"column":56}},"line":22},"3":{"name":"(anonymous_3)","decl":{"start":{"line":23,"column":24},"end":{"line":23,"column":25}},"loc":{"start":{"line":23,"column":38},"end":{"line":23,"column":64}},"line":23},"4":{"name":"(anonymous_4)","decl":{"start":{"line":24,"column":24},"end":{"line":24,"column":25}},"loc":{"start":{"line":24,"column":38},"end":{"line":24,"column":64}},"line":24},"5":{"name":"(anonymous_5)","decl":{"start":{"line":28,"column":26},"end":{"line":28,"column":27}},"loc":{"start":{"line":28,"column":44},"end":{"line":32,"column":1}},"line":28},"6":{"name":"(anonymous_6)","decl":{"start":{"line":34,"column":27},"end":{"line":34,"column":28}},"loc":{"start":{"line":34,"column":45},"end":{"line":38,"column":1}},"line":34},"7":{"name":"(anonymous_7)","decl":{"start":{"line":40,"column":31},"end":{"line":40,"column":32}},"loc":{"start":{"line":40,"column":49},"end":{"line":46,"column":1}},"line":40},"8":{"name":"(anonymous_8)","decl":{"start":{"line":55,"column":28},"end":{"line":55,"column":29}},"loc":{"start":{"line":55,"column":68},"end":{"line":90,"column":1}},"line":55},"9":{"name":"(anonymous_9)","decl":{"start":{"line":61,"column":82},"end":{"line":61,"column":83}},"loc":{"start":{"line":61,"column":96},"end":{"line":61,"column":130}},"line":61},"10":{"name":"(anonymous_10)","decl":{"start":{"line":100,"column":33},"end":{"line":100,"column":34}},"loc":{"start":{"line":100,"column":39},"end":{"line":102,"column":5}},"line":100},"11":{"name":"(anonymous_11)","decl":{"start":{"line":104,"column":19},"end":{"line":104,"column":20}},"loc":{"start":{"line":104,"column":37},"end":{"line":107,"column":5}},"line":104},"12":{"name":"(anonymous_12)","decl":{"start":{"line":109,"column":4},"end":{"line":109,"column":5}},"loc":{"start":{"line":109,"column":25},"end":{"line":123,"column":5}},"line":109}},"branchMap":{"0":{"loc":{"start":{"line":67,"column":21},"end":{"line":85,"column":17}},"type":"cond-expr","locations":[{"start":{"line":68,"column":24},"end":{"line":75,"column":41}},{"start":{"line":77,"column":20},"end":{"line":84,"column":37}}],"line":67},"1":{"loc":{"start":{"line":101,"column":8},"end":{"line":101,"column":95}},"type":"cond-expr","locations":[{"start":{"line":101,"column":38},"end":{"line":101,"column":65}},{"start":{"line":101,"column":68},"end":{"line":101,"column":95}}],"line":101}},"s":{"0":1,"1":4,"2":1,"3":4,"4":1,"5":1,"6":1,"7":1,"8":2,"9":1,"10":2,"11":1,"12":2,"13":1,"14":4,"15":1,"16":4,"17":2,"18":4,"19":1,"20":1,"21":4},"f":{"0":4,"1":4,"2":1,"3":1,"4":1,"5":2,"6":2,"7":2,"8":4,"9":1,"10":2,"11":1,"12":4},"b":{"0":[1,3],"1":[1,1]},"_coverageSchema":"43e27e138ebf9cfc5966b082cf9a028302ed4184","hash":"cc0b0304fcde887f84f0d240e71ac9cf1ab8c044"}
,"/home/artur/PycharmProjects/Scrapping/frontend/src/components/Login.js": {"path":"/home/artur/PycharmProjects/Scrapping/frontend/src/components/Login.js","statementMap":{"0":{"start":{"line":7,"column":4},"end":{"line":9,"column":6}},"1":{"start":{"line":8,"column":64},"end":{"line":8,"column":104}},"2":{"start":{"line":23,"column":8},"end":{"line":23,"column":21}},"3":{"start":{"line":25,"column":8},"end":{"line":28,"column":10}},"4":{"start":{"line":31,"column":17},"end":{"line":36,"column":5}},"5":{"start":{"line":32,"column":8},"end":{"line":35,"column":11}},"6":{"start":{"line":38,"column":19},"end":{"line":40,"column":5}},"7":{"start":{"line":39,"column":8},"end":{"line":39,"column":66}},"8":{"start":{"line":42,"column":19},"end":{"line":47,"column":5}},"9":{"start":{"line":43,"column":8},"end":{"line":43,"column":31}},"10":{"start":{"line":44,"column":36},"end":{"line":44,"column":46}},"11":{"start":{"line":45,"column":8},"end":{"line":45,"column":46}},"12":{"start":{"line":46,"column":8},"end":{"line":46,"column":26}},"13":{"start":{"line":50,"column":36},"end":{"line":50,"column":46}},"14":{"start":{"line":51,"column":8},"end":{"line":70,"column":10}}},"fnMap":{"0":{"name":"mapDispatchToProps","decl":{"start":{"line":6,"column":9},"end":{"line":6,"column":27}},"loc":{"start":{"line":6,"column":54},"end":{"line":10,"column":1}},"line":6},"1":{"name":"(anonymous_1)","decl":{"start":{"line":8,"column":19},"end":{"line":8,"column":20}},"loc":{"start":{"line":8,"column":64},"end":{"line":8,"column":104}},"line":8},"2":{"name":"(anonymous_2)","decl":{"start":{"line":22,"column":4},"end":{"line":22,"column":5}},"loc":{"start":{"line":22,"column":34},"end":{"line":29,"column":5}},"line":22},"3":{"name":"(anonymous_3)","decl":{"start":{"line":31,"column":17},"end":{"line":31,"column":18}},"loc":{"start":{"line":31,"column":23},"end":{"line":36,"column":5}},"line":31},"4":{"name":"(anonymous_4)","decl":{"start":{"line":38,"column":19},"end":{"line":38,"column":20}},"loc":{"start":{"line":38,"column":69},"end":{"line":40,"column":5}},"line":38},"5":{"name":"(anonymous_5)","decl":{"start":{"line":42,"column":19},"end":{"line":42,"column":20}},"loc":{"start":{"line":42,"column":37},"end":{"line":47,"column":5}},"line":42},"6":{"name":"(anonymous_6)","decl":{"start":{"line":49,"column":4},"end":{"line":49,"column":5}},"loc":{"start":{"line":49,"column":25},"end":{"line":71,"column":5}},"line":49}},"branchMap":{},"s":{"0":4,"1":0,"2":4,"3":4,"4":4,"5":0,"6":4,"7":0,"8":4,"9":0,"10":0,"11":0,"12":0,"13":4,"14":4},"f":{"0":4,"1":0,"2":4,"3":0,"4":0,"5":0,"6":4},"b":{},"_coverageSchema":"43e27e138ebf9cfc5966b082cf9a028302ed4184","hash":"2b42f34367ad12a7eb82abe59674020a6f410e2d"}
,"/home/artur/PycharmProjects/Scrapping/frontend/src/helpers/wrapper.js": {"path":"/home/artur/PycharmProjects/Scrapping/frontend/src/helpers/wrapper.js","statementMap":{"0":{"start":{"line":6,"column":23},"end":{"line":6,"column":32}},"1":{"start":{"line":7,"column":21},"end":{"line":7,"column":28}},"2":{"start":{"line":8,"column":18},"end":{"line":8,"column":38}},"3":{"start":{"line":10,"column":25},"end":{"line":12,"column":1}},"4":{"start":{"line":11,"column":4},"end":{"line":11,"column":30}},"5":{"start":{"line":14,"column":23},"end":{"line":20,"column":1}},"6":{"start":{"line":15,"column":4},"end":{"line":19,"column":6}},"7":{"start":{"line":22,"column":15},"end":{"line":29,"column":1}},"8":{"start":{"line":31,"column":24},"end":{"line":33,"column":1}},"9":{"start":{"line":32,"column":4},"end":{"line":32,"column":48}},"10":{"start":{"line":35,"column":29},"end":{"line":47,"column":1}},"11":{"start":{"line":36,"column":19},"end":{"line":36,"column":45}},"12":{"start":{"line":37,"column":40},"end":{"line":37,"column":46}},"13":{"start":{"line":38,"column":22},"end":{"line":38,"column":71}},"14":{"start":{"line":40,"column":4},"end":{"line":46,"column":5}},"15":{"start":{"line":41,"column":8},"end":{"line":41,"column":43}},"16":{"start":{"line":42,"column":11},"end":{"line":46,"column":5}},"17":{"start":{"line":43,"column":8},"end":{"line":43,"column":41}},"18":{"start":{"line":45,"column":8},"end":{"line":45,"column":20}}},"fnMap":{"0":{"name":"(anonymous_0)","decl":{"start":{"line":10,"column":25},"end":{"line":10,"column":26}},"loc":{"start":{"line":10,"column":40},"end":{"line":12,"column":1}},"line":10},"1":{"name":"(anonymous_1)","decl":{"start":{"line":14,"column":23},"end":{"line":14,"column":24}},"loc":{"start":{"line":14,"column":38},"end":{"line":20,"column":1}},"line":14},"2":{"name":"(anonymous_2)","decl":{"start":{"line":31,"column":24},"end":{"line":31,"column":25}},"loc":{"start":{"line":31,"column":39},"end":{"line":33,"column":1}},"line":31},"3":{"name":"(anonymous_3)","decl":{"start":{"line":35,"column":29},"end":{"line":35,"column":30}},"loc":{"start":{"line":35,"column":55},"end":{"line":47,"column":1}},"line":35}},"branchMap":{"0":{"loc":{"start":{"line":40,"column":4},"end":{"line":46,"column":5}},"type":"if","locations":[{"start":{"line":40,"column":4},"end":{"line":46,"column":5}},{"start":{"line":40,"column":4},"end":{"line":46,"column":5}}],"line":40},"1":{"loc":{"start":{"line":42,"column":11},"end":{"line":46,"column":5}},"type":"if","locations":[{"start":{"line":42,"column":11},"end":{"line":46,"column":5}},{"start":{"line":42,"column":11},"end":{"line":46,"column":5}}],"line":42}},"s":{"0":1,"1":1,"2":1,"3":1,"4":9,"5":1,"6":1,"7":1,"8":1,"9":10,"10":1,"11":10,"12":10,"13":10,"14":10,"15":9,"16":1,"17":1,"18":0},"f":{"0":9,"1":1,"2":10,"3":10},"b":{"0":[9,1],"1":[1,0]},"_coverageSchema":"43e27e138ebf9cfc5966b082cf9a028302ed4184","hash":"65590d03abc6f533bfd7fa15e177d3a7e56e0c42"}
,"/home/artur/PycharmProjects/Scrapping/frontend/src/states/action-types.js": {"path":"/home/artur/PycharmProjects/Scrapping/frontend/src/states/action-types.js","statementMap":{"0":{"start":{"line":2,"column":26},"end":{"line":2,"column":38}},"1":{"start":{"line":3,"column":27},"end":{"line":3,"column":40}},"2":{"start":{"line":5,"column":32},"end":{"line":5,"column":50}},"3":{"start":{"line":6,"column":32},"end":{"line":6,"column":50}}},"fnMap":{},"branchMap":{},"s":{"0":2,"1":2,"2":2,"3":2},"f":{},"b":{},"_coverageSchema":"43e27e138ebf9cfc5966b082cf9a028302ed4184","hash":"fd4d94d57287eb429473c6769721914714b1fea7"}
,"/home/artur/PycharmProjects/Scrapping/frontend/src/states/actions.js": {"path":"/home/artur/PycharmProjects/Scrapping/frontend/src/states/actions.js","statementMap":{"0":{"start":{"line":5,"column":25},"end":{"line":7,"column":1}},"1":{"start":{"line":6,"column":4},"end":{"line":6,"column":41}},"2":{"start":{"line":9,"column":26},"end":{"line":11,"column":1}},"3":{"start":{"line":10,"column":4},"end":{"line":10,"column":42}},"4":{"start":{"line":13,"column":30},"end":{"line":15,"column":1}},"5":{"start":{"line":14,"column":4},"end":{"line":14,"column":46}},"6":{"start":{"line":17,"column":30},"end":{"line":19,"column":1}},"7":{"start":{"line":18,"column":4},"end":{"line":18,"column":46}}},"fnMap":{"0":{"name":"(anonymous_0)","decl":{"start":{"line":5,"column":25},"end":{"line":5,"column":26}},"loc":{"start":{"line":5,"column":64},"end":{"line":7,"column":1}},"line":5},"1":{"name":"(anonymous_1)","decl":{"start":{"line":9,"column":26},"end":{"line":9,"column":27}},"loc":{"start":{"line":9,"column":65},"end":{"line":11,"column":1}},"line":9},"2":{"name":"(anonymous_2)","decl":{"start":{"line":13,"column":30},"end":{"line":13,"column":31}},"loc":{"start":{"line":13,"column":69},"end":{"line":15,"column":1}},"line":13},"3":{"name":"(anonymous_3)","decl":{"start":{"line":17,"column":30},"end":{"line":17,"column":31}},"loc":{"start":{"line":17,"column":69},"end":{"line":19,"column":1}},"line":17}},"branchMap":{},"s":{"0":2,"1":0,"2":2,"3":1,"4":2,"5":1,"6":2,"7":1},"f":{"0":0,"1":1,"2":1,"3":1},"b":{},"_coverageSchema":"43e27e138ebf9cfc5966b082cf9a028302ed4184","hash":"ede83c7c50aa87d69d1649ee7b856803cb73b235"}
}
