TN:
SF:/home/artur/PycharmProjects/Scrapping/frontend/src/components/Header.js
FN:13,(anonymous_0)
FN:20,(anonymous_1)
FN:22,(anonymous_2)
FN:23,(anonymous_3)
FN:24,(anonymous_4)
FN:28,(anonymous_5)
FN:34,(anonymous_6)
FN:40,(anonymous_7)
FN:55,(anonymous_8)
FN:61,(anonymous_9)
FN:100,(anonymous_10)
FN:104,(anonymous_11)
FN:109,(anonymous_12)
FNF:13
FNH:13
FNDA:4,(anonymous_0)
FNDA:4,(anonymous_1)
FNDA:1,(anonymous_2)
FNDA:1,(anonymous_3)
FNDA:1,(anonymous_4)
FNDA:2,(anonymous_5)
FNDA:2,(anonymous_6)
FNDA:2,(anonymous_7)
FNDA:4,(anonymous_8)
FNDA:1,(anonymous_9)
FNDA:2,(anonymous_10)
FNDA:1,(anonymous_11)
FNDA:4,(anonymous_12)
DA:13,1
DA:14,4
DA:20,1
DA:21,4
DA:22,1
DA:23,1
DA:24,1
DA:28,1
DA:29,2
DA:34,1
DA:35,2
DA:40,1
DA:41,2
DA:55,1
DA:56,4
DA:61,1
DA:100,4
DA:101,2
DA:104,4
DA:105,1
DA:106,1
DA:110,4
LF:22
LH:22
BRDA:67,0,0,1
BRDA:67,0,1,3
BRDA:101,1,0,1
BRDA:101,1,1,1
BRF:4
BRH:4
end_of_record
TN:
SF:/home/artur/PycharmProjects/Scrapping/frontend/src/components/Login.js
FN:6,mapDispatchToProps
FN:8,(anonymous_1)
FN:22,(anonymous_2)
FN:31,(anonymous_3)
FN:38,(anonymous_4)
FN:42,(anonymous_5)
FN:49,(anonymous_6)
FNF:7
FNH:3
FNDA:4,mapDispatchToProps
FNDA:0,(anonymous_1)
FNDA:4,(anonymous_2)
FNDA:0,(anonymous_3)
FNDA:0,(anonymous_4)
FNDA:0,(anonymous_5)
FNDA:4,(anonymous_6)
DA:7,4
DA:8,0
DA:23,4
DA:25,4
DA:31,4
DA:32,0
DA:38,4
DA:39,0
DA:42,4
DA:43,0
DA:44,0
DA:45,0
DA:46,0
DA:50,4
DA:51,4
LF:15
LH:8
BRF:0
BRH:0
end_of_record
TN:
SF:/home/artur/PycharmProjects/Scrapping/frontend/src/helpers/wrapper.js
FN:10,(anonymous_0)
FN:14,(anonymous_1)
FN:31,(anonymous_2)
FN:35,(anonymous_3)
FNF:4
FNH:4
FNDA:9,(anonymous_0)
FNDA:1,(anonymous_1)
FNDA:10,(anonymous_2)
FNDA:10,(anonymous_3)
DA:6,1
DA:7,1
DA:8,1
DA:10,1
DA:11,9
DA:14,1
DA:15,1
DA:22,1
DA:31,1
DA:32,10
DA:35,1
DA:36,10
DA:37,10
DA:38,10
DA:40,10
DA:41,9
DA:42,1
DA:43,1
DA:45,0
LF:19
LH:18
BRDA:40,0,0,9
BRDA:40,0,1,1
BRDA:42,1,0,1
BRDA:42,1,1,0
BRF:4
BRH:3
end_of_record
TN:
SF:/home/artur/PycharmProjects/Scrapping/frontend/src/states/action-types.js
FNF:0
FNH:0
DA:2,2
DA:3,2
DA:5,2
DA:6,2
LF:4
LH:4
BRF:0
BRH:0
end_of_record
TN:
SF:/home/artur/PycharmProjects/Scrapping/frontend/src/states/actions.js
FN:5,(anonymous_0)
FN:9,(anonymous_1)
FN:13,(anonymous_2)
FN:17,(anonymous_3)
FNF:4
FNH:3
FNDA:0,(anonymous_0)
FNDA:1,(anonymous_1)
FNDA:1,(anonymous_2)
FNDA:1,(anonymous_3)
DA:5,2
DA:6,0
DA:9,2
DA:10,1
DA:13,2
DA:14,1
DA:17,2
DA:18,1
LF:8
LH:7
BRF:0
BRH:0
end_of_record
